[    80.086] (WW) Failed to open protocol names file lib/xorg/protocol.txt
[    80.087] 
X.Org X Server 1.20.8
X Protocol Version 11, Revision 0
[    80.089] Build Operating System: Linux Artix Linux
[    80.089] Current Operating System: Linux artix 5.6.14-artix1-1 #1 SMP PREEMPT Thu, 21 May 2020 14:13:45 +0000 x86_64
[    80.089] Kernel command line: BOOT_IMAGE=/vmlinuz-linux root=UUID=dc230910-b6d8-454a-91f3-f0c555e6a921 rw loglevel=3 quiet acpi_backlight=vendor
[    80.091] Build Date: 05 May 2020  11:15:38AM
[    80.092]  
[    80.093] Current version of pixman: 0.40.0
[    80.096] 	Before reporting problems, check http://wiki.x.org
	to make sure that you have the latest version.
[    80.096] Markers: (--) probed, (**) from config file, (==) default setting,
	(++) from command line, (!!) notice, (II) informational,
	(WW) warning, (EE) error, (NI) not implemented, (??) unknown.
[    80.101] (==) Log file: "/home/jacob/.local/share/xorg/Xorg.3.log", Time: Sun May 31 15:13:17 2020
[    80.102] (==) Using system config directory "/usr/share/X11/xorg.conf.d"
[    80.103] (==) No Layout section.  Using the first Screen section.
[    80.103] (==) No screen section available. Using defaults.
[    80.103] (**) |-->Screen "Default Screen Section" (0)
[    80.103] (**) |   |-->Monitor "<default monitor>"
[    80.103] (==) No monitor specified for screen "Default Screen Section".
	Using a default monitor configuration.
[    80.103] (==) Automatically adding devices
[    80.103] (==) Automatically enabling devices
[    80.103] (==) Automatically adding GPU devices
[    80.103] (==) Automatically binding GPU devices
[    80.103] (==) Max clients allowed: 256, resource mask: 0x1fffff
[    80.103] (WW) The directory "/usr/share/fonts/OTF" does not exist.
[    80.103] 	Entry deleted from font path.
[    80.103] (WW) The directory "/usr/share/fonts/Type1" does not exist.
[    80.103] 	Entry deleted from font path.
[    80.103] (==) FontPath set to:
	/usr/share/fonts/misc,
	/usr/share/fonts/TTF,
	/usr/share/fonts/100dpi,
	/usr/share/fonts/75dpi
[    80.103] (==) ModulePath set to "/usr/lib/xorg/modules"
[    80.103] (II) The server relies on udev to provide the list of input devices.
	If no devices become available, reconfigure udev or disable AutoAddDevices.
[    80.103] (II) Module ABI versions:
[    80.103] 	X.Org ANSI C Emulation: 0.4
[    80.103] 	X.Org Video Driver: 24.1
[    80.103] 	X.Org XInput driver : 24.1
[    80.103] 	X.Org Server Extension : 10.0
[    80.104] (++) using VT number 2

[    80.106] (II) systemd-logind: took control of session /org/freedesktop/login1/session/_32
[    80.107] (II) xfree86: Adding drm device (/dev/dri/card0)
[    80.107] (II) systemd-logind: got fd for /dev/dri/card0 226:0 fd 10 paused 0
[    80.111] (--) PCI:*(3@0:0:0) 1002:15dd:103c:8497 rev 196, Mem @ 0xe0000000/268435456, 0xf0000000/2097152, 0xfcd00000/524288, I/O @ 0x0000e000/256
[    80.111] (WW) Open ACPI failed (/var/run/acpid.socket) (No such file or directory)
[    80.111] (II) LoadModule: "glx"
[    80.112] (II) Loading /usr/lib/xorg/modules/extensions/libglx.so
[    80.113] (II) Module glx: vendor="X.Org Foundation"
[    80.113] 	compiled for 1.20.8, module version = 1.0.0
[    80.113] 	ABI class: X.Org Server Extension, version 10.0
[    80.113] (==) Matched ati as autoconfigured driver 0
[    80.113] (==) Matched modesetting as autoconfigured driver 1
[    80.113] (==) Matched fbdev as autoconfigured driver 2
[    80.113] (==) Matched vesa as autoconfigured driver 3
[    80.113] (==) Assigned the driver to the xf86ConfigLayout
[    80.113] (II) LoadModule: "ati"
[    80.113] (WW) Warning, couldn't open module ati
[    80.113] (EE) Failed to load module "ati" (module does not exist, 0)
[    80.113] (II) LoadModule: "modesetting"
[    80.114] (II) Loading /usr/lib/xorg/modules/drivers/modesetting_drv.so
[    80.114] (II) Module modesetting: vendor="X.Org Foundation"
[    80.114] 	compiled for 1.20.8, module version = 1.20.8
[    80.114] 	Module class: X.Org Video Driver
[    80.114] 	ABI class: X.Org Video Driver, version 24.1
[    80.114] (II) LoadModule: "fbdev"
[    80.114] (WW) Warning, couldn't open module fbdev
[    80.114] (EE) Failed to load module "fbdev" (module does not exist, 0)
[    80.114] (II) LoadModule: "vesa"
[    80.114] (II) Loading /usr/lib/xorg/modules/drivers/vesa_drv.so
[    80.114] (II) Module vesa: vendor="X.Org Foundation"
[    80.114] 	compiled for 1.20.8, module version = 2.4.0
[    80.114] 	Module class: X.Org Video Driver
[    80.114] 	ABI class: X.Org Video Driver, version 24.1
[    80.114] (II) modesetting: Driver for Modesetting Kernel Drivers: kms
[    80.114] (II) VESA: driver for VESA chipsets: vesa
[    80.114] xf86EnableIOPorts: failed to set IOPL for I/O (Operation not permitted)
[    80.115] (II) modeset(0): using drv /dev/dri/card0
[    80.115] (WW) VGA arbiter: cannot open kernel arbiter, no multi-card support
[    80.115] (II) modeset(0): Creating default Display subsection in Screen section
	"Default Screen Section" for depth/fbbpp 24/32
[    80.115] (==) modeset(0): Depth 24, (==) framebuffer bpp 32
[    80.115] (==) modeset(0): RGB weight 888
[    80.115] (==) modeset(0): Default visual is TrueColor
[    80.115] (II) Loading sub module "glamoregl"
[    80.115] (II) LoadModule: "glamoregl"
[    80.115] (II) Loading /usr/lib/xorg/modules/libglamoregl.so
[    80.119] (II) Module glamoregl: vendor="X.Org Foundation"
[    80.119] 	compiled for 1.20.8, module version = 1.0.1
[    80.119] 	ABI class: X.Org ANSI C Emulation, version 0.4
[    80.190] (II) modeset(0): glamor X acceleration enabled on AMD RAVEN (DRM 3.36.0, 5.6.14-artix1-1, LLVM 10.0.0)
[    80.190] (II) modeset(0): glamor initialized
[    80.190] (II) modeset(0): Output eDP-1 has no monitor section
[    80.190] (II) modeset(0): Output HDMI-1 has no monitor section
[    80.191] (II) modeset(0): Output DP-1 has no monitor section
[    80.191] (II) modeset(0): EDID for output eDP-1
[    80.191] (II) modeset(0): Manufacturer: AUO  Model: 22ed  Serial#: 0
[    80.191] (II) modeset(0): Year: 2016  Week: 0
[    80.191] (II) modeset(0): EDID Version: 1.4
[    80.191] (II) modeset(0): Digital Display Input
[    80.191] (II) modeset(0): 6 bits per channel
[    80.191] (II) modeset(0): Digital interface is DisplayPort
[    80.191] (II) modeset(0): Max Image Size [cm]: horiz.: 34  vert.: 19
[    80.191] (II) modeset(0): Gamma: 2.20
[    80.191] (II) modeset(0): No DPMS capabilities specified
[    80.191] (II) modeset(0): Supported color encodings: RGB 4:4:4 YCrCb 4:2:2
[    80.191] (II) modeset(0): First detailed timing is preferred mode
[    80.191] (II) modeset(0): Preferred mode is native pixel format and refresh rate
[    80.191] (II) modeset(0): Display is continuous-frequency
[    80.191] (II) modeset(0): redX: 0.575 redY: 0.346   greenX: 0.347 greenY: 0.572
[    80.191] (II) modeset(0): blueX: 0.158 blueY: 0.117   whiteX: 0.313 whiteY: 0.329
[    80.191] (II) modeset(0): Manufacturer's mask: 0
[    80.191] (II) modeset(0): Supported detailed timing:
[    80.191] (II) modeset(0): clock: 141.0 MHz   Image Size:  344 x 193 mm
[    80.191] (II) modeset(0): h_active: 1920  h_sync: 2028  h_sync_end 2076 h_blank_end 2086 h_border: 0
[    80.191] (II) modeset(0): v_active: 1080  v_sync: 1090  v_sync_end 1100 v_blanking: 1126 v_border: 0
[    80.191] (II) modeset(0): Supported detailed timing:
[    80.191] (II) modeset(0): clock: 94.0 MHz   Image Size:  344 x 193 mm
[    80.191] (II) modeset(0): h_active: 1920  h_sync: 2028  h_sync_end 2076 h_blank_end 2086 h_border: 0
[    80.191] (II) modeset(0): v_active: 1080  v_sync: 1090  v_sync_end 1100 v_blanking: 1126 v_border: 0
[    80.191] (II) modeset(0): Unknown vendor-specific block 2
[    80.191] (II) modeset(0): EDID (in hex):
[    80.191] (II) modeset(0): 	00ffffffffffff0006afed2200000000
[    80.191] (II) modeset(0): 	001a010495221378116e859358589228
[    80.191] (II) modeset(0): 	1e505400000001010101010101010101
[    80.191] (II) modeset(0): 	010101010101143780a670382e406c30
[    80.191] (II) modeset(0): 	aa0058c110000018b82480a670382e40
[    80.191] (II) modeset(0): 	6c30aa0058c110000018000000000000
[    80.191] (II) modeset(0): 	00000000000000000000000000000002
[    80.191] (II) modeset(0): 	001048ff0f3c6e0f16286e2020200034
[    80.191] (II) modeset(0): Printing probed modes for output eDP-1
[    80.191] (II) modeset(0): Modeline "1920x1080"x60.0  141.00  1920 2028 2076 2086  1080 1090 1100 1126 -hsync -vsync (67.6 kHz eP)
[    80.191] (II) modeset(0): Modeline "1920x1080"x40.0   94.00  1920 2028 2076 2086  1080 1090 1100 1126 -hsync -vsync (45.1 kHz e)
[    80.191] (II) modeset(0): Modeline "1680x1050"x60.0  141.00  1680 2028 2076 2086  1050 1090 1100 1126 -hsync -vsync (67.6 kHz e)
[    80.191] (II) modeset(0): Modeline "1280x1024"x60.0  141.00  1280 2028 2076 2086  1024 1090 1100 1126 -hsync -vsync (67.6 kHz e)
[    80.191] (II) modeset(0): Modeline "1440x900"x60.0  141.00  1440 2028 2076 2086  900 1090 1100 1126 -hsync -vsync (67.6 kHz e)
[    80.191] (II) modeset(0): Modeline "1280x800"x60.0  141.00  1280 2028 2076 2086  800 1090 1100 1126 -hsync -vsync (67.6 kHz e)
[    80.191] (II) modeset(0): Modeline "1280x720"x60.0  141.00  1280 2028 2076 2086  720 1090 1100 1126 -hsync -vsync (67.6 kHz e)
[    80.191] (II) modeset(0): Modeline "1024x768"x60.0  141.00  1024 2028 2076 2086  768 1090 1100 1126 -hsync -vsync (67.6 kHz e)
[    80.191] (II) modeset(0): Modeline "800x600"x60.0  141.00  800 2028 2076 2086  600 1090 1100 1126 -hsync -vsync (67.6 kHz e)
[    80.191] (II) modeset(0): Modeline "640x480"x60.0  141.00  640 2028 2076 2086  480 1090 1100 1126 -hsync -vsync (67.6 kHz e)
[    80.191] (II) modeset(0): EDID for output HDMI-1
[    80.191] (II) modeset(0): EDID for output DP-1
[    80.191] (II) modeset(0): Output eDP-1 connected
[    80.191] (II) modeset(0): Output HDMI-1 disconnected
[    80.191] (II) modeset(0): Output DP-1 disconnected
[    80.191] (II) modeset(0): Using exact sizes for initial modes
[    80.191] (II) modeset(0): Output eDP-1 using initial mode 1920x1080 +0+0
[    80.191] (==) modeset(0): Using gamma correction (1.0, 1.0, 1.0)
[    80.191] (==) modeset(0): DPI set to (96, 96)
[    80.191] (II) Loading sub module "fb"
[    80.191] (II) LoadModule: "fb"
[    80.191] (II) Loading /usr/lib/xorg/modules/libfb.so
[    80.191] (II) Module fb: vendor="X.Org Foundation"
[    80.191] 	compiled for 1.20.8, module version = 1.0.0
[    80.191] 	ABI class: X.Org ANSI C Emulation, version 0.4
[    80.191] (II) UnloadModule: "vesa"
[    80.191] (II) Unloading vesa
[    80.234] (==) modeset(0): Backing store enabled
[    80.234] (==) modeset(0): Silken mouse disabled
[    80.235] (II) modeset(0): Initializing kms color map for depth 24, 8 bpc.
[    80.235] (==) modeset(0): DPMS enabled
[    80.235] (II) modeset(0): [DRI2] Setup complete
[    80.235] (II) modeset(0): [DRI2]   DRI driver: radeonsi
[    80.235] (II) modeset(0): [DRI2]   VDPAU driver: radeonsi
[    80.235] (II) Initializing extension Generic Event Extension
[    80.235] (II) Initializing extension SHAPE
[    80.235] (II) Initializing extension MIT-SHM
[    80.235] (II) Initializing extension XInputExtension
[    80.235] (II) Initializing extension XTEST
[    80.235] (II) Initializing extension BIG-REQUESTS
[    80.235] (II) Initializing extension SYNC
[    80.235] (II) Initializing extension XKEYBOARD
[    80.235] (II) Initializing extension XC-MISC
[    80.235] (II) Initializing extension SECURITY
[    80.235] (II) Initializing extension XFIXES
[    80.235] (II) Initializing extension RENDER
[    80.235] (II) Initializing extension RANDR
[    80.235] (II) Initializing extension COMPOSITE
[    80.235] (II) Initializing extension DAMAGE
[    80.235] (II) Initializing extension MIT-SCREEN-SAVER
[    80.235] (II) Initializing extension DOUBLE-BUFFER
[    80.235] (II) Initializing extension RECORD
[    80.235] (II) Initializing extension DPMS
[    80.235] (II) Initializing extension Present
[    80.235] (II) Initializing extension DRI3
[    80.235] (II) Initializing extension X-Resource
[    80.235] (II) Initializing extension XVideo
[    80.235] (II) Initializing extension XVideo-MotionCompensation
[    80.235] (II) Initializing extension GLX
[    80.240] (II) AIGLX: Loaded and initialized radeonsi
[    80.240] (II) GLX: Initialized DRI2 GL provider for screen 0
[    80.240] (II) Initializing extension XFree86-VidModeExtension
[    80.240] (II) Initializing extension XFree86-DGA
[    80.240] (II) Initializing extension XFree86-DRI
[    80.240] (II) Initializing extension DRI2
[    80.241] (II) modeset(0): Damage tracking initialized
[    80.241] (II) modeset(0): Setting screen physical size to 508 x 285
[    80.309] (II) config/udev: Adding input device Power Button (/dev/input/event2)
[    80.309] (**) Power Button: Applying InputClass "libinput keyboard catchall"
[    80.309] (II) LoadModule: "libinput"
[    80.309] (II) Loading /usr/lib/xorg/modules/input/libinput_drv.so
[    80.310] (II) Module libinput: vendor="X.Org Foundation"
[    80.310] 	compiled for 1.20.8, module version = 0.30.0
[    80.310] 	Module class: X.Org XInput Driver
[    80.310] 	ABI class: X.Org XInput driver, version 24.1
[    80.310] (II) Using input driver 'libinput' for 'Power Button'
[    80.311] (II) systemd-logind: got fd for /dev/input/event2 13:66 fd 18 paused 0
[    80.311] (**) Power Button: always reports core events
[    80.311] (**) Option "Device" "/dev/input/event2"
[    80.311] (**) Option "_source" "server/udev"
[    80.312] (II) event2  - Power Button: is tagged by udev as: Keyboard
[    80.312] (II) event2  - Power Button: device is a keyboard
[    80.312] (II) event2  - Power Button: device removed
[    80.312] (**) Option "config_info" "udev:/sys/devices/LNXSYSTM:00/LNXPWRBN:00/input/input2/event2"
[    80.312] (II) XINPUT: Adding extended input device "Power Button" (type: KEYBOARD, id 6)
[    80.312] (II) event2  - Power Button: is tagged by udev as: Keyboard
[    80.312] (II) event2  - Power Button: device is a keyboard
[    80.313] (II) config/udev: Adding input device Video Bus (/dev/input/event3)
[    80.313] (**) Video Bus: Applying InputClass "libinput keyboard catchall"
[    80.313] (II) Using input driver 'libinput' for 'Video Bus'
[    80.313] (II) systemd-logind: got fd for /dev/input/event3 13:67 fd 21 paused 0
[    80.313] (**) Video Bus: always reports core events
[    80.313] (**) Option "Device" "/dev/input/event3"
[    80.313] (**) Option "_source" "server/udev"
[    80.314] (II) event3  - Video Bus: is tagged by udev as: Keyboard
[    80.314] (II) event3  - Video Bus: device is a keyboard
[    80.314] (II) event3  - Video Bus: device removed
[    80.314] (**) Option "config_info" "udev:/sys/devices/LNXSYSTM:00/LNXSYBUS:00/PNP0A08:00/device:14/LNXVIDEO:02/input/input3/event3"
[    80.314] (II) XINPUT: Adding extended input device "Video Bus" (type: KEYBOARD, id 7)
[    80.314] (II) event3  - Video Bus: is tagged by udev as: Keyboard
[    80.314] (II) event3  - Video Bus: device is a keyboard
[    80.315] (II) config/udev: Adding input device Power Button (/dev/input/event0)
[    80.315] (**) Power Button: Applying InputClass "libinput keyboard catchall"
[    80.315] (II) Using input driver 'libinput' for 'Power Button'
[    80.315] (II) systemd-logind: got fd for /dev/input/event0 13:64 fd 22 paused 0
[    80.315] (**) Power Button: always reports core events
[    80.315] (**) Option "Device" "/dev/input/event0"
[    80.315] (**) Option "_source" "server/udev"
[    80.316] (II) event0  - Power Button: is tagged by udev as: Keyboard
[    80.316] (II) event0  - Power Button: device is a keyboard
[    80.316] (II) event0  - Power Button: device removed
[    80.316] (**) Option "config_info" "udev:/sys/devices/LNXSYSTM:00/LNXSYBUS:00/PNP0C0C:00/input/input0/event0"
[    80.316] (II) XINPUT: Adding extended input device "Power Button" (type: KEYBOARD, id 8)
[    80.316] (II) event0  - Power Button: is tagged by udev as: Keyboard
[    80.316] (II) event0  - Power Button: device is a keyboard
[    80.316] (II) config/udev: Adding input device Lid Switch (/dev/input/event1)
[    80.317] (II) No input driver specified, ignoring this device.
[    80.317] (II) This device may have been added with another device file.
[    80.317] (II) config/udev: Adding input device HD-Audio Generic HDMI/DP,pcm=3 (/dev/input/event7)
[    80.317] (II) No input driver specified, ignoring this device.
[    80.317] (II) This device may have been added with another device file.
[    80.317] (II) config/udev: Adding input device HP Wide Vision FHD Camera: HP W (/dev/input/event8)
[    80.317] (**) HP Wide Vision FHD Camera: HP W: Applying InputClass "libinput keyboard catchall"
[    80.317] (II) Using input driver 'libinput' for 'HP Wide Vision FHD Camera: HP W'
[    80.317] (II) systemd-logind: got fd for /dev/input/event8 13:72 fd 23 paused 0
[    80.317] (**) HP Wide Vision FHD Camera: HP W: always reports core events
[    80.317] (**) Option "Device" "/dev/input/event8"
[    80.317] (**) Option "_source" "server/udev"
[    80.318] (II) event8  - HP Wide Vision FHD Camera: HP W: is tagged by udev as: Keyboard
[    80.318] (II) event8  - HP Wide Vision FHD Camera: HP W: device is a keyboard
[    80.318] (II) event8  - HP Wide Vision FHD Camera: HP W: device removed
[    80.318] (**) Option "config_info" "udev:/sys/devices/pci0000:00/0000:00:08.1/0000:03:00.4/usb3/3-1/3-1:1.0/input/input10/event8"
[    80.318] (II) XINPUT: Adding extended input device "HP Wide Vision FHD Camera: HP W" (type: KEYBOARD, id 9)
[    80.319] (II) event8  - HP Wide Vision FHD Camera: HP W: is tagged by udev as: Keyboard
[    80.319] (II) event8  - HP Wide Vision FHD Camera: HP W: device is a keyboard
[    80.319] (II) config/udev: Adding input device HP Wide Vision FHD Camera: HP I (/dev/input/event9)
[    80.319] (**) HP Wide Vision FHD Camera: HP I: Applying InputClass "libinput keyboard catchall"
[    80.319] (II) Using input driver 'libinput' for 'HP Wide Vision FHD Camera: HP I'
[    80.320] (II) systemd-logind: got fd for /dev/input/event9 13:73 fd 24 paused 0
[    80.320] (**) HP Wide Vision FHD Camera: HP I: always reports core events
[    80.320] (**) Option "Device" "/dev/input/event9"
[    80.320] (**) Option "_source" "server/udev"
[    80.320] (II) event9  - HP Wide Vision FHD Camera: HP I: is tagged by udev as: Keyboard
[    80.320] (II) event9  - HP Wide Vision FHD Camera: HP I: device is a keyboard
[    80.320] (II) event9  - HP Wide Vision FHD Camera: HP I: device removed
[    80.320] (**) Option "config_info" "udev:/sys/devices/pci0000:00/0000:00:08.1/0000:03:00.4/usb3/3-1/3-1:1.2/input/input11/event9"
[    80.320] (II) XINPUT: Adding extended input device "HP Wide Vision FHD Camera: HP I" (type: KEYBOARD, id 10)
[    80.321] (II) event9  - HP Wide Vision FHD Camera: HP I: is tagged by udev as: Keyboard
[    80.321] (II) event9  - HP Wide Vision FHD Camera: HP I: device is a keyboard
[    80.321] (II) config/udev: Adding input device HD-Audio Generic Mic (/dev/input/event10)
[    80.321] (II) No input driver specified, ignoring this device.
[    80.321] (II) This device may have been added with another device file.
[    80.321] (II) config/udev: Adding input device HD-Audio Generic Headphone (/dev/input/event11)
[    80.322] (II) No input driver specified, ignoring this device.
[    80.322] (II) This device may have been added with another device file.
[    80.322] (II) config/udev: Adding input device ELAN0732:00 04F3:2650 (/dev/input/event13)
[    80.322] (**) ELAN0732:00 04F3:2650: Applying InputClass "libinput touchscreen catchall"
[    80.322] (II) Using input driver 'libinput' for 'ELAN0732:00 04F3:2650'
[    80.322] (II) systemd-logind: got fd for /dev/input/event13 13:77 fd 25 paused 0
[    80.322] (**) ELAN0732:00 04F3:2650: always reports core events
[    80.322] (**) Option "Device" "/dev/input/event13"
[    80.322] (**) Option "_source" "server/udev"
[    80.323] (II) event13 - ELAN0732:00 04F3:2650: is tagged by udev as: Touchscreen
[    80.323] (II) event13 - ELAN0732:00 04F3:2650: device is a touch device
[    80.323] (II) event13 - ELAN0732:00 04F3:2650: device removed
[    80.323] (**) Option "config_info" "udev:/sys/devices/platform/AMDI0010:00/i2c-0/i2c-ELAN0732:00/0018:04F3:2650.0001/input/input21/event13"
[    80.323] (II) XINPUT: Adding extended input device "ELAN0732:00 04F3:2650" (type: TOUCHSCREEN, id 11)
[    80.323] (**) Option "AccelerationScheme" "none"
[    80.323] (**) ELAN0732:00 04F3:2650: (accel) selected scheme none/0
[    80.323] (**) ELAN0732:00 04F3:2650: (accel) acceleration factor: 2.000
[    80.323] (**) ELAN0732:00 04F3:2650: (accel) acceleration threshold: 4
[    80.323] (II) event13 - ELAN0732:00 04F3:2650: is tagged by udev as: Touchscreen
[    80.323] (II) event13 - ELAN0732:00 04F3:2650: device is a touch device
[    80.324] (II) config/udev: Adding input device ELAN0732:00 04F3:2650 (/dev/input/mouse0)
[    80.324] (II) No input driver specified, ignoring this device.
[    80.324] (II) This device may have been added with another device file.
[    80.324] (II) config/udev: Adding input device ELAN0732:00 04F3:2650 UNKNOWN (/dev/input/event14)
[    80.324] (II) No input driver specified, ignoring this device.
[    80.324] (II) This device may have been added with another device file.
[    80.324] (II) config/udev: Adding input device ELAN0732:00 04F3:2650 UNKNOWN (/dev/input/event15)
[    80.324] (II) No input driver specified, ignoring this device.
[    80.324] (II) This device may have been added with another device file.
[    80.324] (II) config/udev: Adding input device ELAN0732:00 04F3:2650 (/dev/input/event16)
[    80.324] (**) ELAN0732:00 04F3:2650: Applying InputClass "libinput tablet catchall"
[    80.324] (II) Using input driver 'libinput' for 'ELAN0732:00 04F3:2650'
[    80.325] (II) systemd-logind: got fd for /dev/input/event16 13:80 fd 26 paused 0
[    80.325] (**) ELAN0732:00 04F3:2650: always reports core events
[    80.325] (**) Option "Device" "/dev/input/event16"
[    80.325] (**) Option "_source" "server/udev"
[    80.325] (II) event16 - ELAN0732:00 04F3:2650: is tagged by udev as: Tablet
[    80.333] (II) event16 - ELAN0732:00 04F3:2650: tablet 'ELAN0732:00 04F3:2650' unknown to libwacom
[    80.334] (II) event16 - ELAN0732:00 04F3:2650: device is a tablet
[    80.334] (II) event16 - ELAN0732:00 04F3:2650: device removed
[    80.334] (**) Option "config_info" "udev:/sys/devices/platform/AMDI0010:00/i2c-0/i2c-ELAN0732:00/0018:04F3:2650.0001/input/input24/event16"
[    80.334] (II) XINPUT: Adding extended input device "ELAN0732:00 04F3:2650" (type: TABLET, id 12)
[    80.334] (II) event16 - ELAN0732:00 04F3:2650: is tagged by udev as: Tablet
[    80.334] (II) event16 - ELAN0732:00 04F3:2650: tablet 'ELAN0732:00 04F3:2650' unknown to libwacom
[    80.334] (II) event16 - ELAN0732:00 04F3:2650: device is a tablet
[    80.335] (II) config/udev: Adding input device ELAN0732:00 04F3:2650 (/dev/input/mouse1)
[    80.335] (II) No input driver specified, ignoring this device.
[    80.335] (II) This device may have been added with another device file.
[    80.335] (II) config/udev: Adding input device AT Translated Set 2 keyboard (/dev/input/event4)
[    80.335] (**) AT Translated Set 2 keyboard: Applying InputClass "libinput keyboard catchall"
[    80.335] (II) Using input driver 'libinput' for 'AT Translated Set 2 keyboard'
[    80.335] (II) systemd-logind: got fd for /dev/input/event4 13:68 fd 28 paused 0
[    80.335] (**) AT Translated Set 2 keyboard: always reports core events
[    80.335] (**) Option "Device" "/dev/input/event4"
[    80.335] (**) Option "_source" "server/udev"
[    80.336] (II) event4  - AT Translated Set 2 keyboard: is tagged by udev as: Keyboard
[    80.336] (II) event4  - AT Translated Set 2 keyboard: device is a keyboard
[    80.336] (II) event4  - AT Translated Set 2 keyboard: device removed
[    80.336] (**) Option "config_info" "udev:/sys/devices/platform/i8042/serio0/input/input4/event4"
[    80.336] (II) XINPUT: Adding extended input device "AT Translated Set 2 keyboard" (type: KEYBOARD, id 13)
[    80.337] (II) event4  - AT Translated Set 2 keyboard: is tagged by udev as: Keyboard
[    80.337] (II) event4  - AT Translated Set 2 keyboard: device is a keyboard
[    80.337] (II) config/udev: Adding input device SynPS/2 Synaptics TouchPad (/dev/input/event17)
[    80.337] (**) SynPS/2 Synaptics TouchPad: Applying InputClass "libinput touchpad catchall"
[    80.337] (II) Using input driver 'libinput' for 'SynPS/2 Synaptics TouchPad'
[    80.338] (II) systemd-logind: got fd for /dev/input/event17 13:81 fd 29 paused 0
[    80.338] (**) SynPS/2 Synaptics TouchPad: always reports core events
[    80.338] (**) Option "Device" "/dev/input/event17"
[    80.338] (**) Option "_source" "server/udev"
[    80.338] (II) event17 - SynPS/2 Synaptics TouchPad: is tagged by udev as: Touchpad
[    80.338] (II) event17 - SynPS/2 Synaptics TouchPad: no resolution or size hints, assuming a size of 69x50mm
[    80.339] (II) event17 - SynPS/2 Synaptics TouchPad: device is a touchpad
[    80.339] (II) event17 - SynPS/2 Synaptics TouchPad: device removed
[    80.339] (**) Option "config_info" "udev:/sys/devices/platform/i8042/serio1/input/input8/event17"
[    80.339] (II) XINPUT: Adding extended input device "SynPS/2 Synaptics TouchPad" (type: TOUCHPAD, id 14)
[    80.340] (**) Option "AccelerationScheme" "none"
[    80.340] (**) SynPS/2 Synaptics TouchPad: (accel) selected scheme none/0
[    80.340] (**) SynPS/2 Synaptics TouchPad: (accel) acceleration factor: 2.000
[    80.340] (**) SynPS/2 Synaptics TouchPad: (accel) acceleration threshold: 4
[    80.340] (II) event17 - SynPS/2 Synaptics TouchPad: is tagged by udev as: Touchpad
[    80.340] (II) event17 - SynPS/2 Synaptics TouchPad: no resolution or size hints, assuming a size of 69x50mm
[    80.341] (II) event17 - SynPS/2 Synaptics TouchPad: device is a touchpad
[    80.341] (II) config/udev: Adding input device SynPS/2 Synaptics TouchPad (/dev/input/mouse2)
[    80.341] (II) No input driver specified, ignoring this device.
[    80.341] (II) This device may have been added with another device file.
[    80.341] (II) config/udev: Adding input device PC Speaker (/dev/input/event6)
[    80.341] (II) No input driver specified, ignoring this device.
[    80.341] (II) This device may have been added with another device file.
[    80.341] (II) config/udev: Adding input device HP WMI hotkeys (/dev/input/event12)
[    80.341] (**) HP WMI hotkeys: Applying InputClass "libinput keyboard catchall"
[    80.341] (II) Using input driver 'libinput' for 'HP WMI hotkeys'
[    80.342] (II) systemd-logind: got fd for /dev/input/event12 13:76 fd 30 paused 0
[    80.342] (**) HP WMI hotkeys: always reports core events
[    80.342] (**) Option "Device" "/dev/input/event12"
[    80.342] (**) Option "_source" "server/udev"
[    80.342] (II) event12 - HP WMI hotkeys: is tagged by udev as: Keyboard Switch
[    80.342] (II) event12 - HP WMI hotkeys: device is a keyboard
[    80.342] (II) event12 - HP WMI hotkeys: device is a switch device
[    80.342] (II) event12 - HP WMI hotkeys: device removed
[    80.342] (**) Option "config_info" "udev:/sys/devices/virtual/input/input20/event12"
[    80.342] (II) XINPUT: Adding extended input device "HP WMI hotkeys" (type: KEYBOARD, id 15)
[    80.343] (II) event12 - HP WMI hotkeys: is tagged by udev as: Keyboard Switch
[    80.343] (II) event12 - HP WMI hotkeys: device is a keyboard
[    80.343] (II) event12 - HP WMI hotkeys: device is a switch device
[    80.343] (II) config/udev: Adding input device HP Wireless hotkeys (/dev/input/event5)
[    80.343] (**) HP Wireless hotkeys: Applying InputClass "libinput keyboard catchall"
[    80.343] (II) Using input driver 'libinput' for 'HP Wireless hotkeys'
[    80.343] (II) systemd-logind: got fd for /dev/input/event5 13:69 fd 31 paused 0
[    80.343] (**) HP Wireless hotkeys: always reports core events
[    80.343] (**) Option "Device" "/dev/input/event5"
[    80.343] (**) Option "_source" "server/udev"
[    80.344] (II) event5  - HP Wireless hotkeys: is tagged by udev as: Keyboard
[    80.344] (II) event5  - HP Wireless hotkeys: device is a keyboard
[    80.344] (II) event5  - HP Wireless hotkeys: device removed
[    80.344] (**) Option "config_info" "udev:/sys/devices/virtual/input/input6/event5"
[    80.344] (II) XINPUT: Adding extended input device "HP Wireless hotkeys" (type: KEYBOARD, id 16)
[    80.344] (II) event5  - HP Wireless hotkeys: is tagged by udev as: Keyboard
[    80.344] (II) event5  - HP Wireless hotkeys: device is a keyboard
[    80.387] (II) modeset(0): Disabling kernel dirty updates, not required.
[    84.447] (II) modeset(0): EDID vendor "AUO", prod id 8941
[    84.447] (II) modeset(0): Printing DDC gathered Modelines:
[    84.447] (II) modeset(0): Modeline "1920x1080"x0.0  141.00  1920 2028 2076 2086  1080 1090 1100 1126 -hsync -vsync (67.6 kHz eP)
[    84.447] (II) modeset(0): Modeline "1920x1080"x0.0   94.00  1920 2028 2076 2086  1080 1090 1100 1126 -hsync -vsync (45.1 kHz e)
[    85.088] (**) Option "fd" "18"
[    85.088] (II) event2  - Power Button: device removed
[    85.088] (**) Option "fd" "21"
[    85.088] (II) event3  - Video Bus: device removed
[    85.088] (**) Option "fd" "22"
[    85.088] (II) event0  - Power Button: device removed
[    85.088] (**) Option "fd" "23"
[    85.088] (II) event8  - HP Wide Vision FHD Camera: HP W: device removed
[    85.088] (**) Option "fd" "24"
[    85.088] (II) event9  - HP Wide Vision FHD Camera: HP I: device removed
[    85.088] (**) Option "fd" "25"
[    85.089] (II) event13 - ELAN0732:00 04F3:2650: device removed
[    85.089] (**) Option "fd" "26"
[    85.089] (II) event16 - ELAN0732:00 04F3:2650: device removed
[    85.089] (**) Option "fd" "28"
[    85.089] (II) event4  - AT Translated Set 2 keyboard: device removed
[    85.089] (**) Option "fd" "29"
[    85.089] (II) event17 - SynPS/2 Synaptics TouchPad: device removed
[    85.089] (**) Option "fd" "30"
[    85.089] (II) event12 - HP WMI hotkeys: device removed
[    85.089] (**) Option "fd" "31"
[    85.089] (II) event5  - HP Wireless hotkeys: device removed
[    85.089] (II) UnloadModule: "libinput"
[    85.089] (II) systemd-logind: releasing fd for 13:69
[    85.120] (II) UnloadModule: "libinput"
[    85.120] (II) systemd-logind: releasing fd for 13:76
[    85.160] (II) UnloadModule: "libinput"
[    85.160] (II) systemd-logind: releasing fd for 13:81
[    85.186] (II) UnloadModule: "libinput"
[    85.186] (II) systemd-logind: releasing fd for 13:68
[    85.226] (II) UnloadModule: "libinput"
[    85.226] (II) systemd-logind: releasing fd for 13:80
[    85.253] (II) UnloadModule: "libinput"
[    85.253] (II) systemd-logind: releasing fd for 13:77
[    85.279] (II) UnloadModule: "libinput"
[    85.279] (II) systemd-logind: releasing fd for 13:73
[    85.306] (II) UnloadModule: "libinput"
[    85.306] (II) systemd-logind: releasing fd for 13:72
[    85.333] (II) UnloadModule: "libinput"
[    85.333] (II) systemd-logind: releasing fd for 13:64
[    85.359] (II) UnloadModule: "libinput"
[    85.359] (II) systemd-logind: releasing fd for 13:67
[    85.386] (II) UnloadModule: "libinput"
[    85.386] (II) systemd-logind: releasing fd for 13:66
[    85.451] (II) Server terminated successfully (0). Closing log file.
