[    15.462] _XSERVTransmkdir: Owner of /tmp/.X11-unix should be set to root
[    15.463] (WW) Failed to open protocol names file lib/xorg/protocol.txt
[    15.464] 
X.Org X Server 1.20.8
X Protocol Version 11, Revision 0
[    15.465] Build Operating System: Linux Artix Linux
[    15.465] Current Operating System: Linux artix 5.6.3-artix1-1 #1 SMP PREEMPT Wed, 08 Apr 2020 15:06:10 +0000 x86_64
[    15.465] Kernel command line: BOOT_IMAGE=/vmlinuz-linux root=UUID=dc230910-b6d8-454a-91f3-f0c555e6a921 rw loglevel=3 quiet acpi_backlight=vendor
[    15.466] Build Date: 30 March 2020  02:12:50PM
[    15.467]  
[    15.468] Current version of pixman: 0.38.4
[    15.469] 	Before reporting problems, check http://wiki.x.org
	to make sure that you have the latest version.
[    15.469] Markers: (--) probed, (**) from config file, (==) default setting,
	(++) from command line, (!!) notice, (II) informational,
	(WW) warning, (EE) error, (NI) not implemented, (??) unknown.
[    15.472] (==) Log file: "/home/jacob/.local/share/xorg/Xorg.0.log", Time: Sun Apr 12 19:11:17 2020
[    15.475] (==) Using system config directory "/usr/share/X11/xorg.conf.d"
[    15.475] (==) No Layout section.  Using the first Screen section.
[    15.475] (==) No screen section available. Using defaults.
[    15.475] (**) |-->Screen "Default Screen Section" (0)
[    15.475] (**) |   |-->Monitor "<default monitor>"
[    15.476] (==) No monitor specified for screen "Default Screen Section".
	Using a default monitor configuration.
[    15.476] (==) Automatically adding devices
[    15.476] (==) Automatically enabling devices
[    15.476] (==) Automatically adding GPU devices
[    15.476] (==) Automatically binding GPU devices
[    15.476] (==) Max clients allowed: 256, resource mask: 0x1fffff
[    15.477] (WW) `fonts.dir' not found (or not valid) in "/usr/share/fonts/misc".
[    15.477] 	Entry deleted from font path.
[    15.477] 	(Run 'mkfontdir' on "/usr/share/fonts/misc").
[    15.479] (WW) The directory "/usr/share/fonts/OTF" does not exist.
[    15.479] 	Entry deleted from font path.
[    15.479] (WW) The directory "/usr/share/fonts/Type1" does not exist.
[    15.479] 	Entry deleted from font path.
[    15.480] (==) FontPath set to:
	/usr/share/fonts/TTF,
	/usr/share/fonts/100dpi,
	/usr/share/fonts/75dpi
[    15.480] (==) ModulePath set to "/usr/lib/xorg/modules"
[    15.480] (II) The server relies on udev to provide the list of input devices.
	If no devices become available, reconfigure udev or disable AutoAddDevices.
[    15.480] (II) Module ABI versions:
[    15.480] 	X.Org ANSI C Emulation: 0.4
[    15.480] 	X.Org Video Driver: 24.1
[    15.480] 	X.Org XInput driver : 24.1
[    15.480] 	X.Org Server Extension : 10.0
[    15.481] (++) using VT number 1

[    15.482] (II) systemd-logind: took control of session /org/freedesktop/login1/session/_31
[    15.483] (II) xfree86: Adding drm device (/dev/dri/card0)
[    15.483] (II) systemd-logind: got fd for /dev/dri/card0 226:0 fd 10 paused 0
[    15.486] (--) PCI:*(3@0:0:0) 1002:15dd:103c:8497 rev 196, Mem @ 0xe0000000/268435456, 0xf0000000/2097152, 0xfcd00000/524288, I/O @ 0x0000e000/256, BIOS @ 0x????????/131072
[    15.486] (WW) Open ACPI failed (/var/run/acpid.socket) (No such file or directory)
[    15.486] (II) LoadModule: "glx"
[    15.488] (II) Loading /usr/lib/xorg/modules/extensions/libglx.so
[    15.497] (II) Module glx: vendor="X.Org Foundation"
[    15.497] 	compiled for 1.20.8, module version = 1.0.0
[    15.497] 	ABI class: X.Org Server Extension, version 10.0
[    15.497] (==) Matched ati as autoconfigured driver 0
[    15.497] (==) Matched modesetting as autoconfigured driver 1
[    15.497] (==) Matched fbdev as autoconfigured driver 2
[    15.497] (==) Matched vesa as autoconfigured driver 3
[    15.497] (==) Assigned the driver to the xf86ConfigLayout
[    15.497] (II) LoadModule: "ati"
[    15.497] (WW) Warning, couldn't open module ati
[    15.497] (EE) Failed to load module "ati" (module does not exist, 0)
[    15.497] (II) LoadModule: "modesetting"
[    15.497] (II) Loading /usr/lib/xorg/modules/drivers/modesetting_drv.so
[    15.499] (II) Module modesetting: vendor="X.Org Foundation"
[    15.499] 	compiled for 1.20.8, module version = 1.20.8
[    15.499] 	Module class: X.Org Video Driver
[    15.499] 	ABI class: X.Org Video Driver, version 24.1
[    15.499] (II) LoadModule: "fbdev"
[    15.499] (WW) Warning, couldn't open module fbdev
[    15.499] (EE) Failed to load module "fbdev" (module does not exist, 0)
[    15.499] (II) LoadModule: "vesa"
[    15.499] (II) Loading /usr/lib/xorg/modules/drivers/vesa_drv.so
[    15.500] (II) Module vesa: vendor="X.Org Foundation"
[    15.500] 	compiled for 1.20.0, module version = 2.4.0
[    15.500] 	Module class: X.Org Video Driver
[    15.500] 	ABI class: X.Org Video Driver, version 24.0
[    15.500] (II) modesetting: Driver for Modesetting Kernel Drivers: kms
[    15.500] (II) VESA: driver for VESA chipsets: vesa
[    15.500] xf86EnableIOPorts: failed to set IOPL for I/O (Operation not permitted)
[    15.500] (II) modeset(0): using drv /dev/dri/card0
[    15.500] (WW) VGA arbiter: cannot open kernel arbiter, no multi-card support
[    15.500] (II) modeset(0): Creating default Display subsection in Screen section
	"Default Screen Section" for depth/fbbpp 24/32
[    15.500] (==) modeset(0): Depth 24, (==) framebuffer bpp 32
[    15.500] (==) modeset(0): RGB weight 888
[    15.500] (==) modeset(0): Default visual is TrueColor
[    15.500] (II) Loading sub module "glamoregl"
[    15.500] (II) LoadModule: "glamoregl"
[    15.500] (II) Loading /usr/lib/xorg/modules/libglamoregl.so
[    15.506] (II) Module glamoregl: vendor="X.Org Foundation"
[    15.506] 	compiled for 1.20.8, module version = 1.0.1
[    15.506] 	ABI class: X.Org ANSI C Emulation, version 0.4
[    15.762] (II) modeset(0): glamor X acceleration enabled on AMD RAVEN (DRM 3.36.0, 5.6.3-artix1-1, LLVM 9.0.1)
[    15.763] (II) modeset(0): glamor initialized
[    15.763] (II) modeset(0): Output eDP-1 has no monitor section
[    15.763] (II) modeset(0): Output HDMI-1 has no monitor section
[    15.763] (II) modeset(0): Output DP-1 has no monitor section
[    15.764] (II) modeset(0): EDID for output eDP-1
[    15.764] (II) modeset(0): Manufacturer: AUO  Model: 22ed  Serial#: 0
[    15.764] (II) modeset(0): Year: 2016  Week: 0
[    15.764] (II) modeset(0): EDID Version: 1.4
[    15.764] (II) modeset(0): Digital Display Input
[    15.764] (II) modeset(0): 6 bits per channel
[    15.764] (II) modeset(0): Digital interface is DisplayPort
[    15.764] (II) modeset(0): Max Image Size [cm]: horiz.: 34  vert.: 19
[    15.764] (II) modeset(0): Gamma: 2.20
[    15.764] (II) modeset(0): No DPMS capabilities specified
[    15.764] (II) modeset(0): Supported color encodings: RGB 4:4:4 YCrCb 4:2:2
[    15.764] (II) modeset(0): First detailed timing is preferred mode
[    15.764] (II) modeset(0): Preferred mode is native pixel format and refresh rate
[    15.764] (II) modeset(0): Display is continuous-frequency
[    15.764] (II) modeset(0): redX: 0.575 redY: 0.346   greenX: 0.347 greenY: 0.572
[    15.764] (II) modeset(0): blueX: 0.158 blueY: 0.117   whiteX: 0.313 whiteY: 0.329
[    15.764] (II) modeset(0): Manufacturer's mask: 0
[    15.764] (II) modeset(0): Supported detailed timing:
[    15.764] (II) modeset(0): clock: 141.0 MHz   Image Size:  344 x 193 mm
[    15.764] (II) modeset(0): h_active: 1920  h_sync: 2028  h_sync_end 2076 h_blank_end 2086 h_border: 0
[    15.764] (II) modeset(0): v_active: 1080  v_sync: 1090  v_sync_end 1100 v_blanking: 1126 v_border: 0
[    15.764] (II) modeset(0): Supported detailed timing:
[    15.764] (II) modeset(0): clock: 94.0 MHz   Image Size:  344 x 193 mm
[    15.764] (II) modeset(0): h_active: 1920  h_sync: 2028  h_sync_end 2076 h_blank_end 2086 h_border: 0
[    15.764] (II) modeset(0): v_active: 1080  v_sync: 1090  v_sync_end 1100 v_blanking: 1126 v_border: 0
[    15.764] (II) modeset(0): Unknown vendor-specific block 2
[    15.764] (II) modeset(0): EDID (in hex):
[    15.764] (II) modeset(0): 	00ffffffffffff0006afed2200000000
[    15.764] (II) modeset(0): 	001a010495221378116e859358589228
[    15.764] (II) modeset(0): 	1e505400000001010101010101010101
[    15.764] (II) modeset(0): 	010101010101143780a670382e406c30
[    15.764] (II) modeset(0): 	aa0058c110000018b82480a670382e40
[    15.764] (II) modeset(0): 	6c30aa0058c110000018000000000000
[    15.764] (II) modeset(0): 	00000000000000000000000000000002
[    15.764] (II) modeset(0): 	001048ff0f3c6e0f16286e2020200034
[    15.764] (II) modeset(0): Printing probed modes for output eDP-1
[    15.764] (II) modeset(0): Modeline "1920x1080"x60.0  141.00  1920 2028 2076 2086  1080 1090 1100 1126 -hsync -vsync (67.6 kHz eP)
[    15.764] (II) modeset(0): Modeline "1920x1080"x40.0   94.00  1920 2028 2076 2086  1080 1090 1100 1126 -hsync -vsync (45.1 kHz e)
[    15.764] (II) modeset(0): Modeline "1680x1050"x60.0  141.00  1680 2028 2076 2086  1050 1090 1100 1126 -hsync -vsync (67.6 kHz e)
[    15.764] (II) modeset(0): Modeline "1280x1024"x60.0  141.00  1280 2028 2076 2086  1024 1090 1100 1126 -hsync -vsync (67.6 kHz e)
[    15.764] (II) modeset(0): Modeline "1440x900"x60.0  141.00  1440 2028 2076 2086  900 1090 1100 1126 -hsync -vsync (67.6 kHz e)
[    15.764] (II) modeset(0): Modeline "1280x800"x60.0  141.00  1280 2028 2076 2086  800 1090 1100 1126 -hsync -vsync (67.6 kHz e)
[    15.764] (II) modeset(0): Modeline "1280x720"x60.0  141.00  1280 2028 2076 2086  720 1090 1100 1126 -hsync -vsync (67.6 kHz e)
[    15.764] (II) modeset(0): Modeline "1024x768"x60.0  141.00  1024 2028 2076 2086  768 1090 1100 1126 -hsync -vsync (67.6 kHz e)
[    15.764] (II) modeset(0): Modeline "800x600"x60.0  141.00  800 2028 2076 2086  600 1090 1100 1126 -hsync -vsync (67.6 kHz e)
[    15.764] (II) modeset(0): Modeline "640x480"x60.0  141.00  640 2028 2076 2086  480 1090 1100 1126 -hsync -vsync (67.6 kHz e)
[    15.764] (II) modeset(0): EDID for output HDMI-1
[    15.764] (II) modeset(0): EDID for output DP-1
[    15.764] (II) modeset(0): Output eDP-1 connected
[    15.764] (II) modeset(0): Output HDMI-1 disconnected
[    15.764] (II) modeset(0): Output DP-1 disconnected
[    15.764] (II) modeset(0): Using exact sizes for initial modes
[    15.764] (II) modeset(0): Output eDP-1 using initial mode 1920x1080 +0+0
[    15.764] (==) modeset(0): Using gamma correction (1.0, 1.0, 1.0)
[    15.764] (==) modeset(0): DPI set to (96, 96)
[    15.764] (II) Loading sub module "fb"
[    15.764] (II) LoadModule: "fb"
[    15.764] (II) Loading /usr/lib/xorg/modules/libfb.so
[    15.765] (II) Module fb: vendor="X.Org Foundation"
[    15.765] 	compiled for 1.20.8, module version = 1.0.0
[    15.765] 	ABI class: X.Org ANSI C Emulation, version 0.4
[    15.765] (II) UnloadModule: "vesa"
[    15.765] (II) Unloading vesa
[    15.945] (==) modeset(0): Backing store enabled
[    15.945] (==) modeset(0): Silken mouse disabled
[    15.947] (II) modeset(0): Initializing kms color map for depth 24, 8 bpc.
[    15.947] (==) modeset(0): DPMS enabled
[    15.947] (II) modeset(0): [DRI2] Setup complete
[    15.947] (II) modeset(0): [DRI2]   DRI driver: radeonsi
[    15.947] (II) modeset(0): [DRI2]   VDPAU driver: radeonsi
[    15.947] (II) Initializing extension Generic Event Extension
[    15.947] (II) Initializing extension SHAPE
[    15.947] (II) Initializing extension MIT-SHM
[    15.947] (II) Initializing extension XInputExtension
[    15.947] (II) Initializing extension XTEST
[    15.947] (II) Initializing extension BIG-REQUESTS
[    15.947] (II) Initializing extension SYNC
[    15.947] (II) Initializing extension XKEYBOARD
[    15.947] (II) Initializing extension XC-MISC
[    15.947] (II) Initializing extension SECURITY
[    15.947] (II) Initializing extension XFIXES
[    15.947] (II) Initializing extension RENDER
[    15.947] (II) Initializing extension RANDR
[    15.947] (II) Initializing extension COMPOSITE
[    15.947] (II) Initializing extension DAMAGE
[    15.947] (II) Initializing extension MIT-SCREEN-SAVER
[    15.947] (II) Initializing extension DOUBLE-BUFFER
[    15.947] (II) Initializing extension RECORD
[    15.947] (II) Initializing extension DPMS
[    15.947] (II) Initializing extension Present
[    15.947] (II) Initializing extension DRI3
[    15.947] (II) Initializing extension X-Resource
[    15.947] (II) Initializing extension XVideo
[    15.947] (II) Initializing extension XVideo-MotionCompensation
[    15.947] (II) Initializing extension GLX
[    15.960] (II) AIGLX: Loaded and initialized radeonsi
[    15.960] (II) GLX: Initialized DRI2 GL provider for screen 0
[    15.960] (II) Initializing extension XFree86-VidModeExtension
[    15.960] (II) Initializing extension XFree86-DGA
[    15.960] (II) Initializing extension XFree86-DRI
[    15.960] (II) Initializing extension DRI2
[    15.963] (II) modeset(0): Damage tracking initialized
[    15.963] (II) modeset(0): Setting screen physical size to 508 x 285
[    16.057] (II) config/udev: Adding input device Power Button (/dev/input/event2)
[    16.057] (**) Power Button: Applying InputClass "libinput keyboard catchall"
[    16.057] (II) LoadModule: "libinput"
[    16.057] (II) Loading /usr/lib/xorg/modules/input/libinput_drv.so
[    16.061] (II) Module libinput: vendor="X.Org Foundation"
[    16.061] 	compiled for 1.20.7, module version = 0.29.0
[    16.061] 	Module class: X.Org XInput Driver
[    16.061] 	ABI class: X.Org XInput driver, version 24.1
[    16.061] (II) Using input driver 'libinput' for 'Power Button'
[    16.062] (II) systemd-logind: got fd for /dev/input/event2 13:66 fd 18 paused 0
[    16.062] (**) Power Button: always reports core events
[    16.062] (**) Option "Device" "/dev/input/event2"
[    16.062] (**) Option "_source" "server/udev"
[    16.068] (II) event2  - Power Button: is tagged by udev as: Keyboard
[    16.068] (II) event2  - Power Button: device is a keyboard
[    16.068] (II) event2  - Power Button: device removed
[    16.068] (**) Option "config_info" "udev:/sys/devices/LNXSYSTM:00/LNXPWRBN:00/input/input2/event2"
[    16.068] (II) XINPUT: Adding extended input device "Power Button" (type: KEYBOARD, id 6)
[    16.068] (II) event2  - Power Button: is tagged by udev as: Keyboard
[    16.068] (II) event2  - Power Button: device is a keyboard
[    16.069] (II) config/udev: Adding input device Video Bus (/dev/input/event3)
[    16.069] (**) Video Bus: Applying InputClass "libinput keyboard catchall"
[    16.069] (II) Using input driver 'libinput' for 'Video Bus'
[    16.069] (II) systemd-logind: got fd for /dev/input/event3 13:67 fd 21 paused 0
[    16.069] (**) Video Bus: always reports core events
[    16.069] (**) Option "Device" "/dev/input/event3"
[    16.069] (**) Option "_source" "server/udev"
[    16.070] (II) event3  - Video Bus: is tagged by udev as: Keyboard
[    16.070] (II) event3  - Video Bus: device is a keyboard
[    16.070] (II) event3  - Video Bus: device removed
[    16.070] (**) Option "config_info" "udev:/sys/devices/LNXSYSTM:00/LNXSYBUS:00/PNP0A08:00/device:14/LNXVIDEO:02/input/input3/event3"
[    16.070] (II) XINPUT: Adding extended input device "Video Bus" (type: KEYBOARD, id 7)
[    16.070] (II) event3  - Video Bus: is tagged by udev as: Keyboard
[    16.070] (II) event3  - Video Bus: device is a keyboard
[    16.070] (II) config/udev: Adding input device Power Button (/dev/input/event0)
[    16.070] (**) Power Button: Applying InputClass "libinput keyboard catchall"
[    16.070] (II) Using input driver 'libinput' for 'Power Button'
[    16.071] (II) systemd-logind: got fd for /dev/input/event0 13:64 fd 22 paused 0
[    16.071] (**) Power Button: always reports core events
[    16.071] (**) Option "Device" "/dev/input/event0"
[    16.071] (**) Option "_source" "server/udev"
[    16.071] (II) event0  - Power Button: is tagged by udev as: Keyboard
[    16.071] (II) event0  - Power Button: device is a keyboard
[    16.072] (II) event0  - Power Button: device removed
[    16.072] (**) Option "config_info" "udev:/sys/devices/LNXSYSTM:00/LNXSYBUS:00/PNP0C0C:00/input/input0/event0"
[    16.072] (II) XINPUT: Adding extended input device "Power Button" (type: KEYBOARD, id 8)
[    16.072] (II) event0  - Power Button: is tagged by udev as: Keyboard
[    16.072] (II) event0  - Power Button: device is a keyboard
[    16.072] (II) config/udev: Adding input device Lid Switch (/dev/input/event1)
[    16.072] (II) No input driver specified, ignoring this device.
[    16.072] (II) This device may have been added with another device file.
[    16.072] (II) config/udev: Adding input device HD-Audio Generic HDMI/DP,pcm=3 (/dev/input/event9)
[    16.072] (II) No input driver specified, ignoring this device.
[    16.073] (II) This device may have been added with another device file.
[    16.073] (II) config/udev: Adding input device HP Wide Vision FHD Camera: HP W (/dev/input/event7)
[    16.073] (**) HP Wide Vision FHD Camera: HP W: Applying InputClass "libinput keyboard catchall"
[    16.073] (II) Using input driver 'libinput' for 'HP Wide Vision FHD Camera: HP W'
[    16.073] (II) systemd-logind: got fd for /dev/input/event7 13:71 fd 23 paused 0
[    16.073] (**) HP Wide Vision FHD Camera: HP W: always reports core events
[    16.073] (**) Option "Device" "/dev/input/event7"
[    16.073] (**) Option "_source" "server/udev"
[    16.074] (II) event7  - HP Wide Vision FHD Camera: HP W: is tagged by udev as: Keyboard
[    16.074] (II) event7  - HP Wide Vision FHD Camera: HP W: device is a keyboard
[    16.074] (II) event7  - HP Wide Vision FHD Camera: HP W: device removed
[    16.074] (**) Option "config_info" "udev:/sys/devices/pci0000:00/0000:00:08.1/0000:03:00.4/usb3/3-1/3-1:1.0/input/input9/event7"
[    16.074] (II) XINPUT: Adding extended input device "HP Wide Vision FHD Camera: HP W" (type: KEYBOARD, id 9)
[    16.075] (II) event7  - HP Wide Vision FHD Camera: HP W: is tagged by udev as: Keyboard
[    16.075] (II) event7  - HP Wide Vision FHD Camera: HP W: device is a keyboard
[    16.075] (II) config/udev: Adding input device HP Wide Vision FHD Camera: HP I (/dev/input/event8)
[    16.075] (**) HP Wide Vision FHD Camera: HP I: Applying InputClass "libinput keyboard catchall"
[    16.075] (II) Using input driver 'libinput' for 'HP Wide Vision FHD Camera: HP I'
[    16.076] (II) systemd-logind: got fd for /dev/input/event8 13:72 fd 24 paused 0
[    16.076] (**) HP Wide Vision FHD Camera: HP I: always reports core events
[    16.076] (**) Option "Device" "/dev/input/event8"
[    16.076] (**) Option "_source" "server/udev"
[    16.076] (II) event8  - HP Wide Vision FHD Camera: HP I: is tagged by udev as: Keyboard
[    16.076] (II) event8  - HP Wide Vision FHD Camera: HP I: device is a keyboard
[    16.076] (II) event8  - HP Wide Vision FHD Camera: HP I: device removed
[    16.076] (**) Option "config_info" "udev:/sys/devices/pci0000:00/0000:00:08.1/0000:03:00.4/usb3/3-1/3-1:1.2/input/input10/event8"
[    16.076] (II) XINPUT: Adding extended input device "HP Wide Vision FHD Camera: HP I" (type: KEYBOARD, id 10)
[    16.078] (II) event8  - HP Wide Vision FHD Camera: HP I: is tagged by udev as: Keyboard
[    16.078] (II) event8  - HP Wide Vision FHD Camera: HP I: device is a keyboard
[    16.078] (II) config/udev: Adding input device HD-Audio Generic Mic (/dev/input/event10)
[    16.078] (II) No input driver specified, ignoring this device.
[    16.078] (II) This device may have been added with another device file.
[    16.078] (II) config/udev: Adding input device HD-Audio Generic Headphone (/dev/input/event11)
[    16.078] (II) No input driver specified, ignoring this device.
[    16.078] (II) This device may have been added with another device file.
[    16.079] (II) config/udev: Adding input device ELAN0732:00 04F3:2650 (/dev/input/event13)
[    16.079] (**) ELAN0732:00 04F3:2650: Applying InputClass "libinput touchscreen catchall"
[    16.079] (II) Using input driver 'libinput' for 'ELAN0732:00 04F3:2650'
[    16.080] (II) systemd-logind: got fd for /dev/input/event13 13:77 fd 25 paused 0
[    16.080] (**) ELAN0732:00 04F3:2650: always reports core events
[    16.080] (**) Option "Device" "/dev/input/event13"
[    16.080] (**) Option "_source" "server/udev"
[    16.080] (II) event13 - ELAN0732:00 04F3:2650: is tagged by udev as: Touchscreen
[    16.081] (II) event13 - ELAN0732:00 04F3:2650: device is a touch device
[    16.081] (II) event13 - ELAN0732:00 04F3:2650: device removed
[    16.081] (**) Option "config_info" "udev:/sys/devices/platform/AMDI0010:00/i2c-0/i2c-ELAN0732:00/0018:04F3:2650.0001/input/input21/event13"
[    16.081] (II) XINPUT: Adding extended input device "ELAN0732:00 04F3:2650" (type: TOUCHSCREEN, id 11)
[    16.081] (**) Option "AccelerationScheme" "none"
[    16.081] (**) ELAN0732:00 04F3:2650: (accel) selected scheme none/0
[    16.081] (**) ELAN0732:00 04F3:2650: (accel) acceleration factor: 2.000
[    16.081] (**) ELAN0732:00 04F3:2650: (accel) acceleration threshold: 4
[    16.082] (II) event13 - ELAN0732:00 04F3:2650: is tagged by udev as: Touchscreen
[    16.082] (II) event13 - ELAN0732:00 04F3:2650: device is a touch device
[    16.082] (II) config/udev: Adding input device ELAN0732:00 04F3:2650 (/dev/input/mouse0)
[    16.082] (II) No input driver specified, ignoring this device.
[    16.082] (II) This device may have been added with another device file.
[    16.082] (II) config/udev: Adding input device ELAN0732:00 04F3:2650 UNKNOWN (/dev/input/event14)
[    16.082] (II) No input driver specified, ignoring this device.
[    16.082] (II) This device may have been added with another device file.
[    16.083] (II) config/udev: Adding input device ELAN0732:00 04F3:2650 UNKNOWN (/dev/input/event15)
[    16.083] (II) No input driver specified, ignoring this device.
[    16.083] (II) This device may have been added with another device file.
[    16.083] (II) config/udev: Adding input device ELAN0732:00 04F3:2650 (/dev/input/event16)
[    16.083] (**) ELAN0732:00 04F3:2650: Applying InputClass "libinput tablet catchall"
[    16.083] (II) Using input driver 'libinput' for 'ELAN0732:00 04F3:2650'
[    16.084] (II) systemd-logind: got fd for /dev/input/event16 13:80 fd 26 paused 0
[    16.084] (**) ELAN0732:00 04F3:2650: always reports core events
[    16.084] (**) Option "Device" "/dev/input/event16"
[    16.084] (**) Option "_source" "server/udev"
[    16.085] (II) event16 - ELAN0732:00 04F3:2650: is tagged by udev as: Tablet
[    16.129] (II) event16 - ELAN0732:00 04F3:2650: tablet 'ELAN0732:00 04F3:2650' unknown to libwacom
[    16.129] (II) event16 - ELAN0732:00 04F3:2650: device is a tablet
[    16.129] (II) event16 - ELAN0732:00 04F3:2650: device removed
[    16.129] (**) Option "config_info" "udev:/sys/devices/platform/AMDI0010:00/i2c-0/i2c-ELAN0732:00/0018:04F3:2650.0001/input/input24/event16"
[    16.129] (II) XINPUT: Adding extended input device "ELAN0732:00 04F3:2650" (type: TABLET, id 12)
[    16.130] (II) event16 - ELAN0732:00 04F3:2650: is tagged by udev as: Tablet
[    16.130] (II) event16 - ELAN0732:00 04F3:2650: tablet 'ELAN0732:00 04F3:2650' unknown to libwacom
[    16.130] (II) event16 - ELAN0732:00 04F3:2650: device is a tablet
[    16.130] (II) config/udev: Adding input device ELAN0732:00 04F3:2650 (/dev/input/mouse1)
[    16.130] (II) No input driver specified, ignoring this device.
[    16.130] (II) This device may have been added with another device file.
[    16.130] (II) config/udev: Adding input device AT Translated Set 2 keyboard (/dev/input/event4)
[    16.130] (**) AT Translated Set 2 keyboard: Applying InputClass "libinput keyboard catchall"
[    16.130] (II) Using input driver 'libinput' for 'AT Translated Set 2 keyboard'
[    16.131] (II) systemd-logind: got fd for /dev/input/event4 13:68 fd 28 paused 0
[    16.131] (**) AT Translated Set 2 keyboard: always reports core events
[    16.131] (**) Option "Device" "/dev/input/event4"
[    16.131] (**) Option "_source" "server/udev"
[    16.131] (II) event4  - AT Translated Set 2 keyboard: is tagged by udev as: Keyboard
[    16.132] (II) event4  - AT Translated Set 2 keyboard: device is a keyboard
[    16.132] (II) event4  - AT Translated Set 2 keyboard: device removed
[    16.132] (**) Option "config_info" "udev:/sys/devices/platform/i8042/serio0/input/input4/event4"
[    16.132] (II) XINPUT: Adding extended input device "AT Translated Set 2 keyboard" (type: KEYBOARD, id 13)
[    16.132] (II) event4  - AT Translated Set 2 keyboard: is tagged by udev as: Keyboard
[    16.132] (II) event4  - AT Translated Set 2 keyboard: device is a keyboard
[    16.133] (II) config/udev: Adding input device SynPS/2 Synaptics TouchPad (/dev/input/event17)
[    16.133] (**) SynPS/2 Synaptics TouchPad: Applying InputClass "libinput touchpad catchall"
[    16.133] (II) Using input driver 'libinput' for 'SynPS/2 Synaptics TouchPad'
[    16.133] (II) systemd-logind: got fd for /dev/input/event17 13:81 fd 29 paused 0
[    16.133] (**) SynPS/2 Synaptics TouchPad: always reports core events
[    16.133] (**) Option "Device" "/dev/input/event17"
[    16.133] (**) Option "_source" "server/udev"
[    16.134] (II) event17 - SynPS/2 Synaptics TouchPad: is tagged by udev as: Touchpad
[    16.134] (II) event17 - SynPS/2 Synaptics TouchPad: no resolution or size hints, assuming a size of 69x50mm
[    16.134] (II) event17 - SynPS/2 Synaptics TouchPad: device is a touchpad
[    16.134] (II) event17 - SynPS/2 Synaptics TouchPad: device removed
[    16.134] (**) Option "config_info" "udev:/sys/devices/platform/i8042/serio1/input/input8/event17"
[    16.134] (II) XINPUT: Adding extended input device "SynPS/2 Synaptics TouchPad" (type: TOUCHPAD, id 14)
[    16.135] (**) Option "AccelerationScheme" "none"
[    16.135] (**) SynPS/2 Synaptics TouchPad: (accel) selected scheme none/0
[    16.135] (**) SynPS/2 Synaptics TouchPad: (accel) acceleration factor: 2.000
[    16.135] (**) SynPS/2 Synaptics TouchPad: (accel) acceleration threshold: 4
[    16.135] (II) event17 - SynPS/2 Synaptics TouchPad: is tagged by udev as: Touchpad
[    16.135] (II) event17 - SynPS/2 Synaptics TouchPad: no resolution or size hints, assuming a size of 69x50mm
[    16.136] (II) event17 - SynPS/2 Synaptics TouchPad: device is a touchpad
[    16.136] (II) config/udev: Adding input device SynPS/2 Synaptics TouchPad (/dev/input/mouse2)
[    16.136] (II) No input driver specified, ignoring this device.
[    16.136] (II) This device may have been added with another device file.
[    16.136] (II) config/udev: Adding input device PC Speaker (/dev/input/event6)
[    16.136] (II) No input driver specified, ignoring this device.
[    16.136] (II) This device may have been added with another device file.
[    16.136] (II) config/udev: Adding input device HP WMI hotkeys (/dev/input/event12)
[    16.136] (**) HP WMI hotkeys: Applying InputClass "libinput keyboard catchall"
[    16.136] (II) Using input driver 'libinput' for 'HP WMI hotkeys'
[    16.137] (II) systemd-logind: got fd for /dev/input/event12 13:76 fd 30 paused 0
[    16.137] (**) HP WMI hotkeys: always reports core events
[    16.137] (**) Option "Device" "/dev/input/event12"
[    16.137] (**) Option "_source" "server/udev"
[    16.137] (II) event12 - HP WMI hotkeys: is tagged by udev as: Keyboard Switch
[    16.137] (II) event12 - HP WMI hotkeys: device is a keyboard
[    16.137] (II) event12 - HP WMI hotkeys: device is a switch device
[    16.137] (II) event12 - HP WMI hotkeys: device removed
[    16.137] (**) Option "config_info" "udev:/sys/devices/virtual/input/input20/event12"
[    16.137] (II) XINPUT: Adding extended input device "HP WMI hotkeys" (type: KEYBOARD, id 15)
[    16.138] (II) event12 - HP WMI hotkeys: is tagged by udev as: Keyboard Switch
[    16.138] (II) event12 - HP WMI hotkeys: device is a keyboard
[    16.138] (II) event12 - HP WMI hotkeys: device is a switch device
[    16.138] (II) config/udev: Adding input device HP Wireless hotkeys (/dev/input/event5)
[    16.138] (**) HP Wireless hotkeys: Applying InputClass "libinput keyboard catchall"
[    16.138] (II) Using input driver 'libinput' for 'HP Wireless hotkeys'
[    16.138] (II) systemd-logind: got fd for /dev/input/event5 13:69 fd 31 paused 0
[    16.139] (**) HP Wireless hotkeys: always reports core events
[    16.139] (**) Option "Device" "/dev/input/event5"
[    16.139] (**) Option "_source" "server/udev"
[    16.139] (II) event5  - HP Wireless hotkeys: is tagged by udev as: Keyboard
[    16.139] (II) event5  - HP Wireless hotkeys: device is a keyboard
[    16.139] (II) event5  - HP Wireless hotkeys: device removed
[    16.139] (**) Option "config_info" "udev:/sys/devices/virtual/input/input6/event5"
[    16.139] (II) XINPUT: Adding extended input device "HP Wireless hotkeys" (type: KEYBOARD, id 16)
[    16.139] (II) event5  - HP Wireless hotkeys: is tagged by udev as: Keyboard
[    16.139] (II) event5  - HP Wireless hotkeys: device is a keyboard
[    16.184] (II) modeset(0): EDID vendor "AUO", prod id 8941
[    16.184] (II) modeset(0): Printing DDC gathered Modelines:
[    16.184] (II) modeset(0): Modeline "1920x1080"x0.0  141.00  1920 2028 2076 2086  1080 1090 1100 1126 -hsync -vsync (67.6 kHz eP)
[    16.184] (II) modeset(0): Modeline "1920x1080"x0.0   94.00  1920 2028 2076 2086  1080 1090 1100 1126 -hsync -vsync (45.1 kHz e)
[    16.210] (II) modeset(0): Disabling kernel dirty updates, not required.
[    16.225] (II) modeset(0): EDID vendor "AUO", prod id 8941
[    16.225] (II) modeset(0): Printing DDC gathered Modelines:
[    16.225] (II) modeset(0): Modeline "1920x1080"x0.0  141.00  1920 2028 2076 2086  1080 1090 1100 1126 -hsync -vsync (67.6 kHz eP)
[    16.225] (II) modeset(0): Modeline "1920x1080"x0.0   94.00  1920 2028 2076 2086  1080 1090 1100 1126 -hsync -vsync (45.1 kHz e)
[    16.226] (II) modeset(0): EDID vendor "AUO", prod id 8941
[    16.226] (II) modeset(0): Printing DDC gathered Modelines:
[    16.226] (II) modeset(0): Modeline "1920x1080"x0.0  141.00  1920 2028 2076 2086  1080 1090 1100 1126 -hsync -vsync (67.6 kHz eP)
[    16.226] (II) modeset(0): Modeline "1920x1080"x0.0   94.00  1920 2028 2076 2086  1080 1090 1100 1126 -hsync -vsync (45.1 kHz e)
[    16.258] (II) modeset(0): EDID vendor "AUO", prod id 8941
[    16.258] (II) modeset(0): Printing DDC gathered Modelines:
[    16.258] (II) modeset(0): Modeline "1920x1080"x0.0  141.00  1920 2028 2076 2086  1080 1090 1100 1126 -hsync -vsync (67.6 kHz eP)
[    16.258] (II) modeset(0): Modeline "1920x1080"x0.0   94.00  1920 2028 2076 2086  1080 1090 1100 1126 -hsync -vsync (45.1 kHz e)
[    17.012] (II) modeset(0): EDID vendor "AUO", prod id 8941
[    17.013] (II) modeset(0): Printing DDC gathered Modelines:
[    17.013] (II) modeset(0): Modeline "1920x1080"x0.0  141.00  1920 2028 2076 2086  1080 1090 1100 1126 -hsync -vsync (67.6 kHz eP)
[    17.013] (II) modeset(0): Modeline "1920x1080"x0.0   94.00  1920 2028 2076 2086  1080 1090 1100 1126 -hsync -vsync (45.1 kHz e)
[    17.428] (II) modeset(0): EDID vendor "AUO", prod id 8941
[    17.428] (II) modeset(0): Printing DDC gathered Modelines:
[    17.428] (II) modeset(0): Modeline "1920x1080"x0.0  141.00  1920 2028 2076 2086  1080 1090 1100 1126 -hsync -vsync (67.6 kHz eP)
[    17.428] (II) modeset(0): Modeline "1920x1080"x0.0   94.00  1920 2028 2076 2086  1080 1090 1100 1126 -hsync -vsync (45.1 kHz e)
[    26.201] (II) config/udev: Adding input device Logitech Wireless Mouse MX Master (/dev/input/mouse3)
[    26.201] (II) No input driver specified, ignoring this device.
[    26.201] (II) This device may have been added with another device file.
[    26.280] (II) config/udev: Adding input device Logitech Wireless Mouse MX Master (/dev/input/event18)
[    26.280] (**) Logitech Wireless Mouse MX Master: Applying InputClass "libinput pointer catchall"
[    26.280] (**) Logitech Wireless Mouse MX Master: Applying InputClass "libinput keyboard catchall"
[    26.280] (II) Using input driver 'libinput' for 'Logitech Wireless Mouse MX Master'
[    26.280] (II) systemd-logind: got fd for /dev/input/event18 13:82 fd 41 paused 0
[    26.280] (**) Logitech Wireless Mouse MX Master: always reports core events
[    26.280] (**) Option "Device" "/dev/input/event18"
[    26.281] (**) Option "_source" "server/udev"
[    26.281] (II) event18 - Logitech Wireless Mouse MX Master: is tagged by udev as: Keyboard Mouse
[    26.281] (II) event18 - Logitech Wireless Mouse MX Master: device is a pointer
[    26.281] (II) event18 - Logitech Wireless Mouse MX Master: device is a keyboard
[    26.282] (II) event18 - Logitech Wireless Mouse MX Master: device removed
[    26.282] (II) libinput: Logitech Wireless Mouse MX Master: needs a virtual subdevice
[    26.282] (**) Option "config_info" "udev:/sys/devices/virtual/misc/uhid/0005:046D:B012.0002/input/input30/event18"
[    26.282] (II) XINPUT: Adding extended input device "Logitech Wireless Mouse MX Master" (type: MOUSE, id 17)
[    26.282] (**) Option "AccelerationScheme" "none"
[    26.282] (**) Logitech Wireless Mouse MX Master: (accel) selected scheme none/0
[    26.282] (**) Logitech Wireless Mouse MX Master: (accel) acceleration factor: 2.000
[    26.282] (**) Logitech Wireless Mouse MX Master: (accel) acceleration threshold: 4
[    26.283] (II) event18 - Logitech Wireless Mouse MX Master: is tagged by udev as: Keyboard Mouse
[    26.283] (II) event18 - Logitech Wireless Mouse MX Master: device is a pointer
[    26.283] (II) event18 - Logitech Wireless Mouse MX Master: device is a keyboard
[    26.283] (**) Logitech Wireless Mouse MX Master: Applying InputClass "libinput pointer catchall"
[    26.283] (**) Logitech Wireless Mouse MX Master: Applying InputClass "libinput keyboard catchall"
[    26.283] (II) Using input driver 'libinput' for 'Logitech Wireless Mouse MX Master'
[    26.283] (II) systemd-logind: returning pre-existing fd for /dev/input/event18 13:82
[    26.283] (**) Logitech Wireless Mouse MX Master: always reports core events
[    26.283] (**) Option "Device" "/dev/input/event18"
[    26.283] (**) Option "_source" "_driver/libinput"
[    26.283] (II) libinput: Logitech Wireless Mouse MX Master: is a virtual subdevice
[    26.283] (**) Option "config_info" "udev:/sys/devices/virtual/misc/uhid/0005:046D:B012.0002/input/input30/event18"
[    26.283] (II) XINPUT: Adding extended input device "Logitech Wireless Mouse MX Master" (type: KEYBOARD, id 18)
[    26.411] (II) config/udev: removing device Logitech Wireless Mouse MX Master
[    26.411] (**) Option "fd" "41"
[    26.411] (II) UnloadModule: "libinput"
[    26.411] (II) systemd-logind: not releasing fd for 13:82, still in use
[    26.411] (II) config/udev: removing device Logitech Wireless Mouse MX Master
[    26.411] (**) Option "fd" "41"
[    26.411] (II) event18 - Logitech Wireless Mouse MX Master: device removed
[    26.411] (II) UnloadModule: "libinput"
[    26.411] (II) systemd-logind: releasing fd for 13:82
[    28.771] (II) config/udev: Adding input device Logitech Wireless Mouse MX Master (/dev/input/mouse3)
[    28.771] (II) No input driver specified, ignoring this device.
[    28.771] (II) This device may have been added with another device file.
[    28.834] (II) config/udev: Adding input device Logitech Wireless Mouse MX Master (/dev/input/event18)
[    28.834] (**) Logitech Wireless Mouse MX Master: Applying InputClass "libinput pointer catchall"
[    28.834] (**) Logitech Wireless Mouse MX Master: Applying InputClass "libinput keyboard catchall"
[    28.834] (II) Using input driver 'libinput' for 'Logitech Wireless Mouse MX Master'
[    28.834] (II) systemd-logind: got fd for /dev/input/event18 13:82 fd 41 paused 0
[    28.834] (**) Logitech Wireless Mouse MX Master: always reports core events
[    28.834] (**) Option "Device" "/dev/input/event18"
[    28.834] (**) Option "_source" "server/udev"
[    28.835] (II) event18 - Logitech Wireless Mouse MX Master: is tagged by udev as: Keyboard Mouse
[    28.835] (II) event18 - Logitech Wireless Mouse MX Master: device is a pointer
[    28.835] (II) event18 - Logitech Wireless Mouse MX Master: device is a keyboard
[    28.836] (II) event18 - Logitech Wireless Mouse MX Master: device removed
[    28.836] (II) libinput: Logitech Wireless Mouse MX Master: needs a virtual subdevice
[    28.836] (**) Option "config_info" "udev:/sys/devices/virtual/misc/uhid/0005:046D:B012.0003/input/input31/event18"
[    28.836] (II) XINPUT: Adding extended input device "Logitech Wireless Mouse MX Master" (type: MOUSE, id 17)
[    28.836] (**) Option "AccelerationScheme" "none"
[    28.836] (**) Logitech Wireless Mouse MX Master: (accel) selected scheme none/0
[    28.836] (**) Logitech Wireless Mouse MX Master: (accel) acceleration factor: 2.000
[    28.836] (**) Logitech Wireless Mouse MX Master: (accel) acceleration threshold: 4
[    28.837] (II) event18 - Logitech Wireless Mouse MX Master: is tagged by udev as: Keyboard Mouse
[    28.837] (II) event18 - Logitech Wireless Mouse MX Master: device is a pointer
[    28.837] (II) event18 - Logitech Wireless Mouse MX Master: device is a keyboard
[    28.837] (**) Logitech Wireless Mouse MX Master: Applying InputClass "libinput pointer catchall"
[    28.837] (**) Logitech Wireless Mouse MX Master: Applying InputClass "libinput keyboard catchall"
[    28.837] (II) Using input driver 'libinput' for 'Logitech Wireless Mouse MX Master'
[    28.837] (II) systemd-logind: returning pre-existing fd for /dev/input/event18 13:82
[    28.837] (**) Logitech Wireless Mouse MX Master: always reports core events
[    28.837] (**) Option "Device" "/dev/input/event18"
[    28.837] (**) Option "_source" "_driver/libinput"
[    28.837] (II) libinput: Logitech Wireless Mouse MX Master: is a virtual subdevice
[    28.837] (**) Option "config_info" "udev:/sys/devices/virtual/misc/uhid/0005:046D:B012.0003/input/input31/event18"
[    28.837] (II) XINPUT: Adding extended input device "Logitech Wireless Mouse MX Master" (type: KEYBOARD, id 18)
[    83.602] (EE) event17 - SynPS/2 Synaptics TouchPad: kernel bug: Touch jump detected and discarded.
See https://wayland.freedesktop.org/libinput/doc/1.15.5/touchpad-jumping-cursors.html for details
[    89.663] (EE) event17 - SynPS/2 Synaptics TouchPad: kernel bug: Touch jump detected and discarded.
See https://wayland.freedesktop.org/libinput/doc/1.15.5/touchpad-jumping-cursors.html for details
[    89.842] (EE) event17 - SynPS/2 Synaptics TouchPad: kernel bug: Touch jump detected and discarded.
See https://wayland.freedesktop.org/libinput/doc/1.15.5/touchpad-jumping-cursors.html for details
[    94.850] (EE) event17 - SynPS/2 Synaptics TouchPad: kernel bug: Touch jump detected and discarded.
See https://wayland.freedesktop.org/libinput/doc/1.15.5/touchpad-jumping-cursors.html for details
[    96.296] (EE) event17 - SynPS/2 Synaptics TouchPad: kernel bug: Touch jump detected and discarded.
See https://wayland.freedesktop.org/libinput/doc/1.15.5/touchpad-jumping-cursors.html for details
[    96.297] (EE) event17 - SynPS/2 Synaptics TouchPad: WARNING: log rate limit exceeded (5 msgs per 7200000ms). Discarding future messages.
[   633.753] (II) config/udev: removing device Logitech Wireless Mouse MX Master
[   633.753] (**) Option "fd" "41"
[   633.753] (II) UnloadModule: "libinput"
[   633.753] (II) systemd-logind: not releasing fd for 13:82, still in use
[   633.753] (II) config/udev: removing device Logitech Wireless Mouse MX Master
[   633.753] (**) Option "fd" "41"
[   633.753] (II) event18 - Logitech Wireless Mouse MX Master: device removed
[   633.753] (II) UnloadModule: "libinput"
[   633.753] (II) systemd-logind: releasing fd for 13:82
[   932.039] (II) modeset(0): EDID vendor "AUO", prod id 8941
[   932.039] (II) modeset(0): Printing DDC gathered Modelines:
[   932.039] (II) modeset(0): Modeline "1920x1080"x0.0  141.00  1920 2028 2076 2086  1080 1090 1100 1126 -hsync -vsync (67.6 kHz eP)
[   932.039] (II) modeset(0): Modeline "1920x1080"x0.0   94.00  1920 2028 2076 2086  1080 1090 1100 1126 -hsync -vsync (45.1 kHz e)
[   949.685] (**) Option "fd" "18"
[   949.685] (II) event2  - Power Button: device removed
[   949.686] (**) Option "fd" "21"
[   949.686] (II) event3  - Video Bus: device removed
[   949.686] (**) Option "fd" "22"
[   949.686] (II) event0  - Power Button: device removed
[   949.686] (**) Option "fd" "23"
[   949.686] (II) event7  - HP Wide Vision FHD Camera: HP W: device removed
[   949.686] (**) Option "fd" "24"
[   949.686] (II) event8  - HP Wide Vision FHD Camera: HP I: device removed
[   949.686] (**) Option "fd" "25"
[   949.686] (II) event13 - ELAN0732:00 04F3:2650: device removed
[   949.686] (**) Option "fd" "26"
[   949.686] (II) event16 - ELAN0732:00 04F3:2650: device removed
[   949.686] (**) Option "fd" "28"
[   949.686] (II) event4  - AT Translated Set 2 keyboard: device removed
[   949.686] (**) Option "fd" "29"
[   949.686] (II) event17 - SynPS/2 Synaptics TouchPad: device removed
[   949.686] (**) Option "fd" "30"
[   949.686] (II) event12 - HP WMI hotkeys: device removed
[   949.686] (**) Option "fd" "31"
[   949.686] (II) event5  - HP Wireless hotkeys: device removed
[   949.686] (II) AIGLX: Suspending AIGLX clients for VT switch
